<?xml version="1.0" encoding="UTF-8"?>
<!-- Generated by org.testng.reporters.JUnitXMLReporter -->
<testsuite hostname="ASDP1498PO01976" name="Default test" tests="9" failures="0" timestamp="29 Jul 2019 14:33:02 GMT" time="20.554" errors="0">
  <testcase name="Test1" time="0.042" classname="com.qa.pom.scripts.SnlRestPOM"/>
  <testcase name="Test2" time="2.743" classname="com.qa.pom.scripts.SnlRestPOM"/>
  <testcase name="Test3" time="1.849" classname="com.qa.pom.scripts.SnlRestPOM"/>
  <testcase name="Test4" time="0.283" classname="com.qa.pom.scripts.SnlRestPOM"/>
  <testcase name="Test5" time="0.613" classname="com.qa.pom.scripts.SnlRestPOM"/>
  <testcase name="Test6" time="0.623" classname="com.qa.pom.scripts.SnlRestPOM"/>
  <testcase name="Test7" time="0.384" classname="com.qa.pom.scripts.SnlRestPOM"/>
  <testcase name="Test8" time="0.14" classname="com.qa.pom.scripts.SnlRestPOM"/>
  <testcase name="Test9" time="13.811" classname="com.qa.pom.scripts.SnlRestPOM"/>
</testsuite> <!-- Default test -->
